This file contains any messages produced by compilers while
running configure, to aid debugging if configure makes a mistake.

It was created by configure, which was
generated by GNU Autoconf 2.71.  Invocation command line was

  $ ./configure --enable-h2o --with-h2o-dir=/home/masakielastic/.local

## --------- ##
## Platform. ##
## --------- ##

hostname = penguin
uname -m = x86_64
uname -r = 6.6.99-09070-g0245f6566c20
uname -s = Linux
uname -v = #1 SMP PREEMPT_DYNAMIC Fri, 9 Jan 2026 02:13:23 -0800

/usr/bin/uname -p = unknown
/bin/uname -X     = unknown

/bin/arch              = x86_64
/usr/bin/arch -k       = unknown
/usr/convex/getsysinfo = unknown
/usr/bin/hostinfo      = unknown
/bin/machine           = unknown
/usr/bin/oslevel       = unknown
/bin/universe          = unknown

PATH: /home/masakielastic/.symfony5/bin/
PATH: /home/masakielastic/.deno/bin/
PATH: /home/masakielastic/.cargo/bin/
PATH: /home/masakielastic/.volta/bin/
PATH: /home/masakielastic/.local/bin/
PATH: /usr/local/bin/
PATH: /usr/bin/
PATH: /bin/
PATH: /usr/local/games/
PATH: /usr/games/


## ----------- ##
## Core tests. ##
## ----------- ##

configure:2376: looking for aux files: ltmain.sh config.guess config.sub
configure:2389:  trying ./build/
configure:2418:   ./build/ltmain.sh found
configure:2418:   ./build/config.guess found
configure:2418:   ./build/config.sub found
configure:2535: checking for grep that handles long lines and -e
configure:2599: result: /usr/bin/grep
configure:2604: checking for egrep
configure:2672: result: /usr/bin/grep -E
configure:2677: checking for a sed that does not truncate output
configure:2747: result: /usr/bin/sed
configure:2824: checking build system type
configure:2839: result: x86_64-pc-linux-gnu
configure:2859: checking host system type
configure:2873: result: x86_64-pc-linux-gnu
configure:2893: checking target system type
configure:2907: result: x86_64-pc-linux-gnu
configure:2959: checking for gawk
configure:2995: result: no
configure:2959: checking for nawk
configure:2981: found /usr/bin/nawk
configure:2992: result: nawk
configure:3014: checking if nawk is broken
configure:3024: result: no
configure:3098: checking for pkg-config
configure:3121: found /usr/bin/pkg-config
configure:3133: result: /usr/bin/pkg-config
configure:3158: checking pkg-config is at least version 0.9.0
configure:3161: result: yes
configure:3237: checking for cc
configure:3258: found /usr/bin/cc
configure:3269: result: cc
configure:3300: checking for C compiler version
configure:3309: cc --version >&5
cc (Debian 12.2.0-14+deb12u1) 12.2.0
Copyright (C) 2022 Free Software Foundation, Inc.
This is free software; see the source for copying conditions.  There is NO
warranty; not even for MERCHANTABILITY or FITNESS FOR A PARTICULAR PURPOSE.

configure:3320: $? = 0
configure:3309: cc -v >&5
Using built-in specs.
COLLECT_GCC=cc
COLLECT_LTO_WRAPPER=/usr/lib/gcc/x86_64-linux-gnu/12/lto-wrapper
OFFLOAD_TARGET_NAMES=nvptx-none:amdgcn-amdhsa
OFFLOAD_TARGET_DEFAULT=1
Target: x86_64-linux-gnu
Configured with: ../src/configure -v --with-pkgversion='Debian 12.2.0-14+deb12u1' --with-bugurl=file:///usr/share/doc/gcc-12/README.Bugs --enable-languages=c,ada,c++,go,d,fortran,objc,obj-c++,m2 --prefix=/usr --with-gcc-major-version-only --program-suffix=-12 --program-prefix=x86_64-linux-gnu- --enable-shared --enable-linker-build-id --libexecdir=/usr/lib --without-included-gettext --enable-threads=posix --libdir=/usr/lib --enable-nls --enable-clocale=gnu --enable-libstdcxx-debug --enable-libstdcxx-time=yes --with-default-libstdcxx-abi=new --enable-gnu-unique-object --disable-vtable-verify --enable-plugin --enable-default-pie --with-system-zlib --enable-libphobos-checking=release --with-target-system-zlib=auto --enable-objc-gc=auto --enable-multiarch --disable-werror --enable-cet --with-arch-32=i686 --with-abi=m64 --with-multilib-list=m32,m64,mx32 --enable-multilib --with-tune=generic --enable-offload-targets=nvptx-none=/build/reproducible-path/gcc-12-12.2.0/debian/tmp-nvptx/usr,amdgcn-amdhsa=/build/reproducible-path/gcc-12-12.2.0/debian/tmp-gcn/usr --enable-offload-defaulted --without-cuda-driver --enable-checking=release --build=x86_64-linux-gnu --host=x86_64-linux-gnu --target=x86_64-linux-gnu
Thread model: posix
Supported LTO compression algorithms: zlib zstd
gcc version 12.2.0 (Debian 12.2.0-14+deb12u1) 
... rest of stderr output deleted ...
configure:3320: $? = 0
configure:3309: cc -V >&5
cc: error: unrecognized command-line option '-V'
cc: fatal error: no input files
compilation terminated.
configure:3320: $? = 1
configure:3309: cc -qversion >&5
cc: error: unrecognized command-line option '-qversion'; did you mean '--version'?
cc: fatal error: no input files
compilation terminated.
configure:3320: $? = 1
configure:3309: cc -version >&5
cc: error: unrecognized command-line option '-version'
cc: fatal error: no input files
compilation terminated.
configure:3320: $? = 1
configure:3340: checking whether the C compiler works
configure:3362: cc    conftest.c  >&5
configure:3366: $? = 0
configure:3416: result: yes
configure:3419: checking for C compiler default output file name
configure:3421: result: a.out
configure:3427: checking for suffix of executables
configure:3434: cc -o conftest    conftest.c  >&5
configure:3438: $? = 0
configure:3461: result: 
configure:3483: checking whether we are cross compiling
configure:3491: cc -o conftest    conftest.c  >&5
configure:3495: $? = 0
configure:3502: ./conftest
configure:3506: $? = 0
configure:3521: result: no
configure:3526: checking for suffix of object files
configure:3549: cc -c   conftest.c >&5
configure:3553: $? = 0
configure:3575: result: o
configure:3579: checking whether the compiler supports GNU C
configure:3599: cc -c   conftest.c >&5
configure:3599: $? = 0
configure:3609: result: yes
configure:3620: checking whether cc accepts -g
configure:3641: cc -c -g  conftest.c >&5
configure:3641: $? = 0
configure:3685: result: yes
configure:3705: checking for cc option to enable C11 features
configure:3720: cc  -c -g -O2  conftest.c >&5
configure:3720: $? = 0
configure:3738: result: none needed
configure:3854: checking how to run the C preprocessor
configure:3880: cc -E  conftest.c
configure:3880: $? = 0
configure:3895: cc -E  conftest.c
conftest.c:9:10: fatal error: ac_nonexistent.h: No such file or directory
    9 | #include <ac_nonexistent.h>
      |          ^~~~~~~~~~~~~~~~~~
compilation terminated.
configure:3895: $? = 1
configure: failed program was:
| /* confdefs.h */
| #define PACKAGE_NAME ""
| #define PACKAGE_TARNAME ""
| #define PACKAGE_VERSION ""
| #define PACKAGE_STRING ""
| #define PACKAGE_BUGREPORT ""
| #define PACKAGE_URL ""
| /* end confdefs.h.  */
| #include <ac_nonexistent.h>
configure:3922: result: cc -E
configure:3936: cc -E  conftest.c
configure:3936: $? = 0
configure:3951: cc -E  conftest.c
conftest.c:9:10: fatal error: ac_nonexistent.h: No such file or directory
    9 | #include <ac_nonexistent.h>
      |          ^~~~~~~~~~~~~~~~~~
compilation terminated.
configure:3951: $? = 1
configure: failed program was:
| /* confdefs.h */
| #define PACKAGE_NAME ""
| #define PACKAGE_TARNAME ""
| #define PACKAGE_VERSION ""
| #define PACKAGE_STRING ""
| #define PACKAGE_BUGREPORT ""
| #define PACKAGE_URL ""
| /* end confdefs.h.  */
| #include <ac_nonexistent.h>
configure:3984: checking for icc
configure:3994: result: no
configure:4008: checking for suncc
configure:4018: result: no
configure:4036: checking for system library directory
configure:4052: result: lib
configure:4059: checking if compiler supports -Wl,-rpath,
configure:4079: cc -o conftest -g -O2   conftest.c -Wl,-rpath,/usr/lib  >&5
configure:4079: $? = 0
configure:4090: result: yes
configure:4209: checking for PHP prefix
configure:4211: result: /usr
configure:4213: checking for PHP includes
configure:4215: result: -I/usr/include/php/20250925 -I/usr/include/php/20250925/main -I/usr/include/php/20250925/TSRM -I/usr/include/php/20250925/Zend -I/usr/include/php/20250925/ext -I/usr/include/php/20250925/ext/date/lib
configure:4217: checking for PHP extension directory
configure:4219: result: /usr/lib/php/20250925
configure:4221: checking for PHP installed headers prefix
configure:4223: result: /usr/include/php/20250925
configure:4226: checking if debugging is enabled
configure:4249: result: no
configure:4252: checking if PHP is built with thread safety (ZTS)
configure:4275: result: no
configure:4351: result: 
configure:4353: result: Configuring extension
configure:4360: checking whether to enable h2o extension
configure:4400: result: yes, shared
configure:4409: checking for h2o installation prefix
configure:4425: result: /home/masakielastic/.local
configure:4434: checking for libuv installation prefix
configure:4450: result: /usr
configure:4459: checking for OpenSSL installation prefix
configure:4475: result: /usr
configure:4484: checking whether to enable h2o debug logs
configure:4499: result: no
configure:4627: checking for stdio.h
configure:4627: cc -c -g -O2  -I/home/masakielastic/.local/include -I/usr/include -I/usr/include conftest.c >&5
configure:4627: $? = 0
configure:4627: result: yes
configure:4627: checking for stdlib.h
configure:4627: cc -c -g -O2  -I/home/masakielastic/.local/include -I/usr/include -I/usr/include conftest.c >&5
configure:4627: $? = 0
configure:4627: result: yes
configure:4627: checking for string.h
configure:4627: cc -c -g -O2  -I/home/masakielastic/.local/include -I/usr/include -I/usr/include conftest.c >&5
configure:4627: $? = 0
configure:4627: result: yes
configure:4627: checking for inttypes.h
configure:4627: cc -c -g -O2  -I/home/masakielastic/.local/include -I/usr/include -I/usr/include conftest.c >&5
configure:4627: $? = 0
configure:4627: result: yes
configure:4627: checking for stdint.h
configure:4627: cc -c -g -O2  -I/home/masakielastic/.local/include -I/usr/include -I/usr/include conftest.c >&5
configure:4627: $? = 0
configure:4627: result: yes
configure:4627: checking for strings.h
configure:4627: cc -c -g -O2  -I/home/masakielastic/.local/include -I/usr/include -I/usr/include conftest.c >&5
configure:4627: $? = 0
configure:4627: result: yes
configure:4627: checking for sys/stat.h
configure:4627: cc -c -g -O2  -I/home/masakielastic/.local/include -I/usr/include -I/usr/include conftest.c >&5
configure:4627: $? = 0
configure:4627: result: yes
configure:4627: checking for sys/types.h
configure:4627: cc -c -g -O2  -I/home/masakielastic/.local/include -I/usr/include -I/usr/include conftest.c >&5
configure:4627: $? = 0
configure:4627: result: yes
configure:4627: checking for unistd.h
configure:4627: cc -c -g -O2  -I/home/masakielastic/.local/include -I/usr/include -I/usr/include conftest.c >&5
configure:4627: $? = 0
configure:4627: result: yes
configure:4652: checking for h2o.h
configure:4652: cc -c -g -O2  -I/home/masakielastic/.local/include -I/usr/include -I/usr/include conftest.c >&5
configure:4652: $? = 0
configure:4652: result: yes
configure:4660: checking for uv.h
configure:4660: cc -c -g -O2  -I/home/masakielastic/.local/include -I/usr/include -I/usr/include conftest.c >&5
configure:4660: $? = 0
configure:4660: result: yes
configure:4677: checking for openssl/ssl.h
configure:4677: cc -c -g -O2  -I/home/masakielastic/.local/include -I/usr/include -I/usr/include conftest.c >&5
configure:4677: $? = 0
configure:4677: result: yes
configure:5256: checking for uv_run in -luv
configure:5279: cc -o conftest -g -O2  -I/home/masakielastic/.local/include -I/usr/include -I/usr/include  -L/home/masakielastic/.local/lib -L/usr/lib -L/usr/lib conftest.c -luv   >&5
configure:5279: $? = 0
configure:5289: result: yes
configure:5425: checking for SSL_CTX_new in -lssl
configure:5448: cc -o conftest -g -O2  -I/home/masakielastic/.local/include -I/usr/include -I/usr/include  -L/home/masakielastic/.local/lib -L/usr/lib -L/usr/lib conftest.c -lssl   >&5
configure:5448: $? = 0
configure:5458: result: yes
configure:5594: checking for OPENSSL_init_crypto in -lcrypto
configure:5617: cc -o conftest -g -O2  -I/home/masakielastic/.local/include -I/usr/include -I/usr/include  -L/home/masakielastic/.local/lib -L/usr/lib -L/usr/lib conftest.c -lcrypto   >&5
configure:5617: $? = 0
configure:5627: result: yes
configure:5921: result: 
configure:5923: result: Configuring libtool
configure:5981: checking how to print strings
configure:6008: result: printf
configure:6029: checking for a sed that does not truncate output
configure:6099: result: /usr/bin/sed
configure:6117: checking for fgrep
configure:6185: result: /usr/bin/grep -F
configure:6221: checking for ld used by cc
configure:6289: result: /usr/bin/ld
configure:6296: checking if the linker (/usr/bin/ld) is GNU ld
configure:6312: result: yes
configure:6324: checking for BSD- or MS-compatible name lister (nm)
configure:6379: result: /usr/bin/nm -B
configure:6519: checking the name lister (/usr/bin/nm -B) interface
configure:6527: cc -c -g -O2  -I/home/masakielastic/.local/include -I/usr/include -I/usr/include conftest.c >&5
configure:6530: /usr/bin/nm -B "conftest.o"
configure:6533: output
0000000000000000 B some_variable
configure:6540: result: BSD nm
configure:6543: checking whether ln -s works
configure:6547: result: yes
configure:6555: checking the maximum length of command line arguments
configure:6687: result: 1572864
configure:6735: checking how to convert x86_64-pc-linux-gnu file names to x86_64-pc-linux-gnu format
configure:6776: result: func_convert_file_noop
configure:6783: checking how to convert x86_64-pc-linux-gnu file names to toolchain format
configure:6804: result: func_convert_file_noop
configure:6811: checking for /usr/bin/ld option to reload object files
configure:6819: result: -r
configure:6898: checking for file
configure:6919: found /usr/bin/file
configure:6930: result: file
configure:7006: checking for objdump
configure:7027: found /usr/bin/objdump
configure:7038: result: objdump
configure:7070: checking how to recognize dependent libraries
configure:7271: result: pass_all
configure:7361: checking for dlltool
configure:7396: result: no
configure:7426: checking how to associate runtime and link libraries
configure:7454: result: printf %s\n
configure:7519: checking for ar
configure:7540: found /usr/bin/ar
configure:7551: result: ar
configure:7604: checking for archiver @FILE support
configure:7622: cc -c -g -O2  -I/home/masakielastic/.local/include -I/usr/include -I/usr/include conftest.c >&5
configure:7622: $? = 0
configure:7626: ar cr libconftest.a @conftest.lst >&5
configure:7629: $? = 0
configure:7634: ar cr libconftest.a @conftest.lst >&5
ar: conftest.o: No such file or directory
configure:7637: $? = 1
configure:7649: result: @
configure:7712: checking for strip
configure:7733: found /usr/bin/strip
configure:7744: result: strip
configure:7821: checking for ranlib
configure:7842: found /usr/bin/ranlib
configure:7853: result: ranlib
configure:7930: checking for gawk
configure:7962: result: nawk
configure:8002: checking command to parse /usr/bin/nm -B output from cc object
configure:8156: cc -c -g -O2  -I/home/masakielastic/.local/include -I/usr/include -I/usr/include conftest.c >&5
configure:8159: $? = 0
configure:8163: /usr/bin/nm -B conftest.o | /usr/bin/sed -n -e 's/^.*[	 ]\([ABCDGIRSTW][ABCDGIRSTW]*\)[	 ][	 ]*\([_A-Za-z][_A-Za-z0-9]*\)$/\1 \2 \2/p' | /usr/bin/sed '/ __gnu_lto/d' > conftest.nm
configure:8229: cc -o conftest -g -O2  -I/home/masakielastic/.local/include -I/usr/include -I/usr/include  -L/home/masakielastic/.local/lib -L/usr/lib -L/usr/lib conftest.c conftstm.o >&5
configure:8232: $? = 0
configure:8270: result: ok
configure:8317: checking for sysroot
configure:8348: result: no
configure:8355: checking for a working dd
configure:8399: result: /usr/bin/dd
configure:8403: checking how to truncate binary pipes
configure:8419: result: /usr/bin/dd bs=4096 count=1
configure:8556: cc -c -g -O2  -I/home/masakielastic/.local/include -I/usr/include -I/usr/include conftest.c >&5
configure:8559: $? = 0
configure:8756: checking for mt
configure:8777: found /usr/bin/mt
configure:8788: result: mt
configure:8811: checking if mt is a manifest tool
configure:8818: mt '-?'
configure:8826: result: no
configure:9547: checking for dlfcn.h
configure:9547: cc -c -g -O2  -I/home/masakielastic/.local/include -I/usr/include -I/usr/include conftest.c >&5
configure:9547: $? = 0
configure:9547: result: yes
configure:9806: checking for objdir
configure:9822: result: .libs
configure:10086: checking if cc supports -fno-rtti -fno-exceptions
configure:10105: cc -c -g -O2  -I/home/masakielastic/.local/include -I/usr/include -I/usr/include -fno-rtti -fno-exceptions conftest.c >&5
cc1: warning: command-line option '-fno-rtti' is valid for C++/D/ObjC++ but not for C
configure:10109: $? = 0
configure:10122: result: no
configure:10486: checking for cc option to produce PIC
configure:10494: result: -fPIC -DPIC
configure:10502: checking if cc PIC flag -fPIC -DPIC works
configure:10521: cc -c -g -O2  -I/home/masakielastic/.local/include -I/usr/include -I/usr/include -fPIC -DPIC -DPIC conftest.c >&5
configure:10525: $? = 0
configure:10538: result: yes
configure:10567: checking if cc static flag -static works
configure:10596: result: yes
configure:10611: checking if cc supports -c -o file.o
configure:10633: cc -c -g -O2  -I/home/masakielastic/.local/include -I/usr/include -I/usr/include -o out/conftest2.o conftest.c >&5
configure:10637: $? = 0
configure:10659: result: yes
configure:10667: checking if cc supports -c -o file.o
configure:10715: result: yes
configure:10748: checking whether the cc linker (/usr/bin/ld -m elf_x86_64) supports shared libraries
configure:12022: result: yes
configure:12059: checking whether -lc should be explicitly linked in
configure:12068: cc -c -g -O2  -I/home/masakielastic/.local/include -I/usr/include -I/usr/include conftest.c >&5
configure:12071: $? = 0
configure:12086: cc -shared  -fPIC -DPIC conftest.o  -v -Wl,-soname -Wl,conftest -o conftest 2\>\&1 \| /usr/bin/grep  -lc  \>/dev/null 2\>\&1
configure:12089: $? = 0
configure:12103: result: no
configure:12263: checking dynamic linker characteristics
configure:12845: cc -o conftest -g -O2  -I/home/masakielastic/.local/include -I/usr/include -I/usr/include  -L/home/masakielastic/.local/lib -L/usr/lib -L/usr/lib -Wl,-rpath -Wl,/foo conftest.c  >&5
configure:12845: $? = 0
configure:13096: result: GNU/Linux ld.so
configure:13218: checking how to hardcode library paths into programs
configure:13243: result: immediate
configure:13795: checking whether stripping libraries is possible
configure:13804: result: yes
configure:13846: checking if libtool supports shared libraries
configure:13848: result: yes
configure:13851: checking whether to build shared libraries
configure:13876: result: yes
configure:13879: checking whether to build static libraries
configure:13883: result: no
configure:14074: result: 
configure:14076: result: Generating files
configure:14193: creating build directories
configure:14198: creating Makefile
configure:14214: patching config.h.in
configure:14225: creating ./config.status

## ---------------------- ##
## Running config.status. ##
## ---------------------- ##

This file was extended by config.status, which was
generated by GNU Autoconf 2.71.  Invocation command line was

  CONFIG_FILES    = 
  CONFIG_HEADERS  = 
  CONFIG_LINKS    = 
  CONFIG_COMMANDS = 
  $ ./config.status 

on penguin

config.status:883: creating config.h
config.status:973: config.h is unchanged
config.status:987: executing libtool commands

## ---------------- ##
## Cache variables. ##
## ---------------- ##

ac_cv_build=x86_64-pc-linux-gnu
ac_cv_c_compiler_gnu=yes
ac_cv_env_CC_set=
ac_cv_env_CC_value=
ac_cv_env_CFLAGS_set=
ac_cv_env_CFLAGS_value=
ac_cv_env_CPPFLAGS_set=
ac_cv_env_CPPFLAGS_value=
ac_cv_env_CPP_set=
ac_cv_env_CPP_value=
ac_cv_env_LDFLAGS_set=
ac_cv_env_LDFLAGS_value=
ac_cv_env_LIBS_set=
ac_cv_env_LIBS_value=
ac_cv_env_LT_SYS_LIBRARY_PATH_set=
ac_cv_env_LT_SYS_LIBRARY_PATH_value=
ac_cv_env_PKG_CONFIG_LIBDIR_set=
ac_cv_env_PKG_CONFIG_LIBDIR_value=
ac_cv_env_PKG_CONFIG_PATH_set=
ac_cv_env_PKG_CONFIG_PATH_value=
ac_cv_env_PKG_CONFIG_set=
ac_cv_env_PKG_CONFIG_value=
ac_cv_env_build_alias_set=
ac_cv_env_build_alias_value=
ac_cv_env_host_alias_set=
ac_cv_env_host_alias_value=
ac_cv_env_target_alias_set=
ac_cv_env_target_alias_value=
ac_cv_header_dlfcn_h=yes
ac_cv_header_h2o_h=yes
ac_cv_header_inttypes_h=yes
ac_cv_header_openssl_ssl_h=yes
ac_cv_header_stdint_h=yes
ac_cv_header_stdio_h=yes
ac_cv_header_stdlib_h=yes
ac_cv_header_string_h=yes
ac_cv_header_strings_h=yes
ac_cv_header_sys_stat_h=yes
ac_cv_header_sys_types_h=yes
ac_cv_header_unistd_h=yes
ac_cv_header_uv_h=yes
ac_cv_host=x86_64-pc-linux-gnu
ac_cv_lib_crypto_OPENSSL_init_crypto=yes
ac_cv_lib_ssl_SSL_CTX_new=yes
ac_cv_lib_uv_uv_run=yes
ac_cv_objext=o
ac_cv_path_EGREP='/usr/bin/grep -E'
ac_cv_path_FGREP='/usr/bin/grep -F'
ac_cv_path_GREP=/usr/bin/grep
ac_cv_path_SED=/usr/bin/sed
ac_cv_path_ac_pt_PKG_CONFIG=/usr/bin/pkg-config
ac_cv_path_lt_DD=/usr/bin/dd
ac_cv_prog_AWK=nawk
ac_cv_prog_CPP='cc -E'
ac_cv_prog_ac_ct_AR=ar
ac_cv_prog_ac_ct_CC=cc
ac_cv_prog_ac_ct_FILECMD=file
ac_cv_prog_ac_ct_MANIFEST_TOOL=mt
ac_cv_prog_ac_ct_OBJDUMP=objdump
ac_cv_prog_ac_ct_RANLIB=ranlib
ac_cv_prog_ac_ct_STRIP=strip
ac_cv_prog_cc_c11=
ac_cv_prog_cc_g=yes
ac_cv_prog_cc_stdc=
ac_cv_target=x86_64-pc-linux-gnu
lt_cv_ar_at_file=@
lt_cv_archive_cmds_need_lc=no
lt_cv_deplibs_check_method=pass_all
lt_cv_file_magic_cmd='$MAGIC_CMD'
lt_cv_file_magic_test_file=
lt_cv_ld_reload_flag=-r
lt_cv_nm_interface='BSD nm'
lt_cv_objdir=.libs
lt_cv_path_LD=/usr/bin/ld
lt_cv_path_NM='/usr/bin/nm -B'
lt_cv_path_mainfest_tool=no
lt_cv_prog_compiler_c_o=yes
lt_cv_prog_compiler_pic='-fPIC -DPIC'
lt_cv_prog_compiler_pic_works=yes
lt_cv_prog_compiler_rtti_exceptions=no
lt_cv_prog_compiler_static_works=yes
lt_cv_prog_gnu_ld=yes
lt_cv_sharedlib_from_linklib_cmd='printf %s\n'
lt_cv_shlibpath_overrides_runpath=yes
lt_cv_sys_global_symbol_pipe='/usr/bin/sed -n -e '\''s/^.*[	 ]\([ABCDGIRSTW][ABCDGIRSTW]*\)[	 ][	 ]*\([_A-Za-z][_A-Za-z0-9]*\)$/\1 \2 \2/p'\'' | /usr/bin/sed '\''/ __gnu_lto/d'\'''
lt_cv_sys_global_symbol_to_c_name_address='/usr/bin/sed -n -e '\''s/^: \(.*\) .*$/  {"\1", (void *) 0},/p'\'' -e '\''s/^[ABCDGIRSTW][ABCDGIRSTW]* .* \(.*\)$/  {"\1", (void *) \&\1},/p'\'''
lt_cv_sys_global_symbol_to_c_name_address_lib_prefix='/usr/bin/sed -n -e '\''s/^: \(.*\) .*$/  {"\1", (void *) 0},/p'\'' -e '\''s/^[ABCDGIRSTW][ABCDGIRSTW]* .* \(lib.*\)$/  {"\1", (void *) \&\1},/p'\'' -e '\''s/^[ABCDGIRSTW][ABCDGIRSTW]* .* \(.*\)$/  {"lib\1", (void *) \&\1},/p'\'''
lt_cv_sys_global_symbol_to_cdecl='/usr/bin/sed -n -e '\''s/^T .* \(.*\)$/extern int \1();/p'\'' -e '\''s/^[ABCDGIRSTW][ABCDGIRSTW]* .* \(.*\)$/extern char \1;/p'\'''
lt_cv_sys_global_symbol_to_import=
lt_cv_sys_max_cmd_len=1572864
lt_cv_to_host_file_cmd=func_convert_file_noop
lt_cv_to_tool_file_cmd=func_convert_file_noop
lt_cv_truncate_bin='/usr/bin/dd bs=4096 count=1'
php_cv_cc_rpath=yes

## ----------------- ##
## Output variables. ##
## ----------------- ##

AR='ar'
AWK='nawk'
BUILD_CC='cc'
CC='cc'
CFLAGS='-g -O2'
CONFIGURE_COMMAND=' '\''./configure'\''  '\''--enable-h2o'\'' '\''--with-h2o-dir=/home/masakielastic/.local'\'''
CONFIGURE_OPTIONS=' '\''--enable-h2o'\'' '\''--with-h2o-dir=/home/masakielastic/.local'\'''
CPP='cc -E'
CPPFLAGS=' -I/home/masakielastic/.local/include -I/usr/include -I/usr/include -DHAVE_CONFIG_H'
DEFS='-DHAVE_CONFIG_H'
DLLTOOL='false'
DSYMUTIL=''
DUMPBIN=''
ECHO_C=''
ECHO_N='-n'
ECHO_T=''
EGREP='/usr/bin/grep -E'
EXEEXT=''
FGREP='/usr/bin/grep -F'
FILECMD='file'
GREP='/usr/bin/grep'
LD='/usr/bin/ld -m elf_x86_64'
LDFLAGS=' -L/home/masakielastic/.local/lib -L/usr/lib -L/usr/lib'
LIBOBJS=''
LIBS=''
LIBTOOL='$(SHELL) $(top_builddir)/libtool'
LIPO=''
LN_S='ln -s'
LTLIBOBJS=''
LT_SYS_LIBRARY_PATH=''
MANIFEST_TOOL=':'
NM='/usr/bin/nm -B'
NMEDIT=''
OBJDUMP='objdump'
OBJEXT='o'
OTOOL64=''
OTOOL=''
PACKAGE_BUGREPORT=''
PACKAGE_NAME=''
PACKAGE_STRING=''
PACKAGE_TARNAME=''
PACKAGE_URL=''
PACKAGE_VERSION=''
PATH_SEPARATOR=':'
PKG_CONFIG='/usr/bin/pkg-config'
PKG_CONFIG_LIBDIR=''
PKG_CONFIG_PATH=''
RANLIB='ranlib'
SED='/usr/bin/sed'
SHELL='/bin/bash'
SHLIB_DL_SUFFIX_NAME='so'
SHLIB_SUFFIX_NAME='so'
STRIP='strip'
ac_ct_AR='ar'
ac_ct_CC='cc'
ac_ct_DUMPBIN=''
bindir='${exec_prefix}/bin'
build='x86_64-pc-linux-gnu'
build_alias=''
build_cpu='x86_64'
build_os='linux-gnu'
build_vendor='pc'
datadir='${datarootdir}'
datarootdir='${prefix}/share'
docdir='${datarootdir}/doc/${PACKAGE}'
dvidir='${docdir}'
exec_prefix='$(prefix)'
host='x86_64-pc-linux-gnu'
host_alias='x86_64-pc-linux-gnu'
host_cpu='x86_64'
host_os='linux-gnu'
host_vendor='pc'
htmldir='${docdir}'
includedir='${prefix}/include'
infodir='${datarootdir}/info'
libdir='${exec_prefix}/lib'
libexecdir='${exec_prefix}/libexec'
localedir='${datarootdir}/locale'
localstatedir='${prefix}/var'
mandir='${datarootdir}/man'
oldincludedir='/usr/include'
pdfdir='${docdir}'
prefix='/usr'
program_transform_name='s,x,x,'
psdir='${docdir}'
runstatedir='${localstatedir}/run'
sbindir='${exec_prefix}/sbin'
sharedstatedir='${prefix}/com'
sysconfdir='${prefix}/etc'
target='x86_64-pc-linux-gnu'
target_alias=''
target_cpu='x86_64'
target_os='linux-gnu'
target_vendor='pc'

## ----------- ##
## confdefs.h. ##
## ----------- ##

/* confdefs.h */
#define PACKAGE_NAME ""
#define PACKAGE_TARNAME ""
#define PACKAGE_VERSION ""
#define PACKAGE_STRING ""
#define PACKAGE_BUGREPORT ""
#define PACKAGE_URL ""
#define HAVE_STDIO_H 1
#define HAVE_STDLIB_H 1
#define HAVE_STRING_H 1
#define HAVE_INTTYPES_H 1
#define HAVE_STDINT_H 1
#define HAVE_STRINGS_H 1
#define HAVE_SYS_STAT_H 1
#define HAVE_SYS_TYPES_H 1
#define HAVE_UNISTD_H 1
#define STDC_HEADERS 1
#define COMPILE_DL_H2O 1
#define HAVE_DLFCN_H 1
#define LT_OBJDIR ".libs/"

configure: exit 0
